<?xml version="1.0" encoding="UTF-8"?>
<testsuite xmlns:xsi="http://www.w3.org/2001/XMLSchema-instance" xsi:noNamespaceSchemaLocation="https://maven.apache.org/surefire/maven-surefire-plugin/xsd/surefire-test-report-3.0.xsd" version="3.0" name="com.picpay.weeklytestcontainers.redis.RedisTest" time="11.38" tests="1" errors="0" skipped="0" failures="0">
  <properties>
[...]
</properties>
  <testcase name="testRedis" classname="com.picpay.weeklytestcontainers.redis.RedisTest" time="0.309">
    <system-out><![CDATA[2023-10-31T11:19:33.644-03:00  INFO 45707 --- [           main] t.c.s.AnnotationConfigContextLoaderUtils : Could not detect default configuration classes for test class [com.picpay.weeklytestcontainers.redis.RedisTest]: RedisTest does not declare any static, non-private, non-final, nested classes annotated with @Configuration.
2023-10-31T11:19:33.654-03:00  INFO 45707 --- [           main] .b.t.c.SpringBootTestContextBootstrapper : Found @SpringBootConfiguration com.picpay.weeklytestcontainers.WeeklyTestcontainersApplication for test class com.picpay.weeklytestcontainers.redis.RedisTest
2023-10-31T11:19:33.702-03:00  INFO 45707 --- [           main] o.t.containers.DockerComposeContainer    : Preemptively checking local images for 'redis:latest', referenced via a compose file or transitive Dockerfile. If not available, it will be pulled.
2023-10-31T11:19:33.709-03:00  INFO 45707 --- [           main] tc.docker/compose:1.29.2                 : Creating container for image: docker/compose:1.29.2
2023-10-31T11:19:34.122-03:00  INFO 45707 --- [   weekly-0-C-1] org.apache.kafka.clients.NetworkClient   : [Consumer clientId=consumer-weekly-1, groupId=weekly] Node -1 disconnected.
2023-10-31T11:19:34.122-03:00  WARN 45707 --- [   weekly-0-C-1] org.apache.kafka.clients.NetworkClient   : [Consumer clientId=consumer-weekly-1, groupId=weekly] Connection to node -1 (localhost/127.0.0.1:9092) could not be established. Broker may not be available.
2023-10-31T11:19:34.122-03:00  WARN 45707 --- [   weekly-0-C-1] org.apache.kafka.clients.NetworkClient   : [Consumer clientId=consumer-weekly-1, groupId=weekly] Bootstrap broker localhost:9092 (id: -1 rack: null) disconnected
2023-10-31T11:19:34.953-03:00  INFO 45707 --- [           main] tc.docker/compose:1.29.2                 : Container docker/compose:1.29.2 is starting: 2299a4c5883191b16c0aff73615cf8b6411c6c97fcf2660884dd705e9ed68374
2023-10-31T11:19:34.985-03:00  INFO 45707 --- [   weekly-0-C-1] org.apache.kafka.clients.NetworkClient   : [Consumer clientId=consumer-weekly-1, groupId=weekly] Node -1 disconnected.
2023-10-31T11:19:34.985-03:00  WARN 45707 --- [   weekly-0-C-1] org.apache.kafka.clients.NetworkClient   : [Consumer clientId=consumer-weekly-1, groupId=weekly] Connection to node -1 (localhost/127.0.0.1:9092) could not be established. Broker may not be available.
2023-10-31T11:19:34.985-03:00  WARN 45707 --- [   weekly-0-C-1] org.apache.kafka.clients.NetworkClient   : [Consumer clientId=consumer-weekly-1, groupId=weekly] Bootstrap broker localhost:9092 (id: -1 rack: null) disconnected
2023-10-31T11:19:36.106-03:00  INFO 45707 --- [   weekly-0-C-1] org.apache.kafka.clients.NetworkClient   : [Consumer clientId=consumer-weekly-1, groupId=weekly] Node -1 disconnected.
2023-10-31T11:19:36.106-03:00  WARN 45707 --- [   weekly-0-C-1] org.apache.kafka.clients.NetworkClient   : [Consumer clientId=consumer-weekly-1, groupId=weekly] Connection to node -1 (localhost/127.0.0.1:9092) could not be established. Broker may not be available.
2023-10-31T11:19:36.106-03:00  WARN 45707 --- [   weekly-0-C-1] org.apache.kafka.clients.NetworkClient   : [Consumer clientId=consumer-weekly-1, groupId=weekly] Bootstrap broker localhost:9092 (id: -1 rack: null) disconnected
2023-10-31T11:19:37.119-03:00  INFO 45707 --- [   weekly-0-C-1] org.apache.kafka.clients.NetworkClient   : [Consumer clientId=consumer-weekly-1, groupId=weekly] Node -1 disconnected.
2023-10-31T11:19:37.119-03:00  WARN 45707 --- [   weekly-0-C-1] org.apache.kafka.clients.NetworkClient   : [Consumer clientId=consumer-weekly-1, groupId=weekly] Connection to node -1 (localhost/127.0.0.1:9092) could not be established. Broker may not be available.
2023-10-31T11:19:37.119-03:00  WARN 45707 --- [   weekly-0-C-1] org.apache.kafka.clients.NetworkClient   : [Consumer clientId=consumer-weekly-1, groupId=weekly] Bootstrap broker localhost:9092 (id: -1 rack: null) disconnected
2023-10-31T11:19:38.023-03:00  INFO 45707 --- [           main] tc.docker/compose:1.29.2                 : Container docker/compose:1.29.2 started in PT4.314735S
2023-10-31T11:19:38.025-03:00  INFO 45707 --- [           main] tc.docker/compose:1.29.2                 : Docker Compose container is running for command: up -d
2023-10-31T11:19:38.029-03:00  INFO 45707 --- [ream--648332434] tc.docker/compose:1.29.2                 : STDERR: Creating network "xcbdrfetfvah_default" with the default driver
2023-10-31T11:19:38.029-03:00  INFO 45707 --- [ream--648332434] tc.docker/compose:1.29.2                 : STDERR: Creating xcbdrfetfvah_redis_1 ... 
2023-10-31T11:19:38.029-03:00  INFO 45707 --- [ream--648332434] tc.docker/compose:1.29.2                 : STDERR: Creating xcbdrfetfvah_redis_1 ... done
2023-10-31T11:19:38.030-03:00  INFO 45707 --- [           main] tc.docker/compose:1.29.2                 : Docker Compose has finished running
2023-10-31T11:19:38.034-03:00  INFO 45707 --- [           main] tc.alpine/socat:1.7.4.3-r0               : Creating container for image: alpine/socat:1.7.4.3-r0
2023-10-31T11:19:38.090-03:00  INFO 45707 --- [           main] tc.alpine/socat:1.7.4.3-r0               : Container alpine/socat:1.7.4.3-r0 is starting: 14c6bbd7960309de4dcef6d338a8bbb464111ddfdf1931c11a87938574f9da98
2023-10-31T11:19:38.229-03:00  INFO 45707 --- [   weekly-0-C-1] org.apache.kafka.clients.NetworkClient   : [Consumer clientId=consumer-weekly-1, groupId=weekly] Node -1 disconnected.
2023-10-31T11:19:38.230-03:00  WARN 45707 --- [   weekly-0-C-1] org.apache.kafka.clients.NetworkClient   : [Consumer clientId=consumer-weekly-1, groupId=weekly] Connection to node -1 (localhost/127.0.0.1:9092) could not be established. Broker may not be available.
2023-10-31T11:19:38.230-03:00  WARN 45707 --- [   weekly-0-C-1] org.apache.kafka.clients.NetworkClient   : [Consumer clientId=consumer-weekly-1, groupId=weekly] Bootstrap broker localhost:9092 (id: -1 rack: null) disconnected
2023-10-31T11:19:39.297-03:00  INFO 45707 --- [   weekly-0-C-1] org.apache.kafka.clients.NetworkClient   : [Consumer clientId=consumer-weekly-1, groupId=weekly] Node -1 disconnected.
2023-10-31T11:19:39.297-03:00  WARN 45707 --- [   weekly-0-C-1] org.apache.kafka.clients.NetworkClient   : [Consumer clientId=consumer-weekly-1, groupId=weekly] Connection to node -1 (localhost/127.0.0.1:9092) could not be established. Broker may not be available.
2023-10-31T11:19:39.297-03:00  WARN 45707 --- [   weekly-0-C-1] org.apache.kafka.clients.NetworkClient   : [Consumer clientId=consumer-weekly-1, groupId=weekly] Bootstrap broker localhost:9092 (id: -1 rack: null) disconnected
2023-10-31T11:19:40.317-03:00  INFO 45707 --- [   weekly-0-C-1] org.apache.kafka.clients.NetworkClient   : [Consumer clientId=consumer-weekly-1, groupId=weekly] Node -1 disconnected.
2023-10-31T11:19:40.317-03:00  WARN 45707 --- [   weekly-0-C-1] org.apache.kafka.clients.NetworkClient   : [Consumer clientId=consumer-weekly-1, groupId=weekly] Connection to node -1 (localhost/127.0.0.1:9092) could not be established. Broker may not be available.
2023-10-31T11:19:40.317-03:00  WARN 45707 --- [   weekly-0-C-1] org.apache.kafka.clients.NetworkClient   : [Consumer clientId=consumer-weekly-1, groupId=weekly] Bootstrap broker localhost:9092 (id: -1 rack: null) disconnected
2023-10-31T11:19:40.652-03:00  INFO 45707 --- [           main] tc.alpine/socat:1.7.4.3-r0               : Container alpine/socat:1.7.4.3-r0 started in PT2.618063S

  .   ____          _            __ _ _
 /\\ / ___'_ __ _ _(_)_ __  __ _ \ \ \ \
( ( )\___ | '_ | '_| | '_ \/ _` | \ \ \ \
 \\/  ___)| |_)| | | | | || (_| |  ) ) ) )
  '  |____| .__|_| |_|_| |_\__, | / / / /
 =========|_|==============|___/=/_/_/_/
 :: Spring Boot ::                (v3.1.4)

2023-10-31T11:19:40.850-03:00  WARN 45707 --- [           main] ory$DuplicateJsonObjectContextCustomizer : 

Found multiple occurrences of org.json.JSONObject on the class path:

	jar:file:/Users/paulo.bezerra/.m2/repository/org/json/json/20220320/json-20220320.jar!/org/json/JSONObject.class
	jar:file:/Users/paulo.bezerra/.m2/repository/com/vaadin/external/google/android-json/0.0.20131108.vaadin1/android-json-0.0.20131108.vaadin1.jar!/org/json/JSONObject.class

You may wish to exclude one of them to ensure predictable runtime behavior

2023-10-31T11:19:40.852-03:00  INFO 45707 --- [           main] c.p.w.redis.RedisTest                    : Starting RedisTest using Java 17.0.2 with PID 45707 (started by paulo.bezerra in /Users/paulo.bezerra/Workspaces/ws-weekly/weekly-testcontainers)
2023-10-31T11:19:40.852-03:00  INFO 45707 --- [           main] c.p.w.redis.RedisTest                    : No active profile set, falling back to 1 default profile: "default"
2023-10-31T11:19:40.934-03:00  INFO 45707 --- [           main] .s.d.r.c.RepositoryConfigurationDelegate : Multiple Spring Data modules found, entering strict repository configuration mode
2023-10-31T11:19:40.934-03:00  INFO 45707 --- [           main] .s.d.r.c.RepositoryConfigurationDelegate : Bootstrapping Spring Data JDBC repositories in DEFAULT mode.
2023-10-31T11:19:40.937-03:00  INFO 45707 --- [           main] .s.d.r.c.RepositoryConfigurationDelegate : Finished Spring Data repository scanning in 3 ms. Found 0 JDBC repository interfaces.
2023-10-31T11:19:40.939-03:00  INFO 45707 --- [           main] .s.d.r.c.RepositoryConfigurationDelegate : Multiple Spring Data modules found, entering strict repository configuration mode
2023-10-31T11:19:40.939-03:00  INFO 45707 --- [           main] .s.d.r.c.RepositoryConfigurationDelegate : Bootstrapping Spring Data Redis repositories in DEFAULT mode.
2023-10-31T11:19:40.942-03:00  INFO 45707 --- [           main] .s.d.r.c.RepositoryConfigurationDelegate : Finished Spring Data repository scanning in 3 ms. Found 0 Redis repository interfaces.
2023-10-31T11:19:41.005-03:00  INFO 45707 --- [           main] com.zaxxer.hikari.HikariDataSource       : HikariPool-2 - Starting...
2023-10-31T11:19:41.046-03:00  INFO 45707 --- [           main] com.zaxxer.hikari.pool.HikariPool        : HikariPool-2 - Added connection org.testcontainers.jdbc.ConnectionWrapper@5e405eaf
2023-10-31T11:19:41.046-03:00  INFO 45707 --- [           main] com.zaxxer.hikari.HikariDataSource       : HikariPool-2 - Start completed.
2023-10-31T11:19:41.049-03:00  INFO 45707 --- [           main] o.f.c.i.database.base.BaseDatabaseType   : Database: jdbc:postgresql://localhost:49168/test (PostgreSQL 15.4)
2023-10-31T11:19:41.091-03:00  INFO 45707 --- [           main] o.f.core.internal.command.DbValidate     : Successfully validated 1 migration (execution time 00:00.018s)
2023-10-31T11:19:41.161-03:00  INFO 45707 --- [           main] o.f.core.internal.command.DbMigrate      : Current version of schema "public": 1
2023-10-31T11:19:41.164-03:00  INFO 45707 --- [           main] o.f.core.internal.command.DbMigrate      : Schema "public" is up to date. No migration necessary.
2023-10-31T11:19:41.230-03:00  INFO 45707 --- [   weekly-0-C-1] org.apache.kafka.clients.NetworkClient   : [Consumer clientId=consumer-weekly-1, groupId=weekly] Node -1 disconnected.
2023-10-31T11:19:41.231-03:00  WARN 45707 --- [   weekly-0-C-1] org.apache.kafka.clients.NetworkClient   : [Consumer clientId=consumer-weekly-1, groupId=weekly] Connection to node -1 (localhost/127.0.0.1:9092) could not be established. Broker may not be available.
2023-10-31T11:19:41.231-03:00  WARN 45707 --- [   weekly-0-C-1] org.apache.kafka.clients.NetworkClient   : [Consumer clientId=consumer-weekly-1, groupId=weekly] Bootstrap broker localhost:9092 (id: -1 rack: null) disconnected
2023-10-31T11:19:41.253-03:00  INFO 45707 --- [           main] o.a.k.clients.consumer.ConsumerConfig    : ConsumerConfig values: 
	allow.auto.create.topics = true
	auto.commit.interval.ms = 5000
	auto.include.jmx.reporter = true
	auto.offset.reset = earliest
	bootstrap.servers = [localhost:9092]
	check.crcs = true
	client.dns.lookup = use_all_dns_ips
	client.id = consumer-weekly-2
	client.rack = 
	connections.max.idle.ms = 540000
	default.api.timeout.ms = 60000
	enable.auto.commit = false
	exclude.internal.topics = true
	fetch.max.bytes = 52428800
	fetch.max.wait.ms = 500
	fetch.min.bytes = 1
	group.id = weekly
	group.instance.id = null
	heartbeat.interval.ms = 3000
	interceptor.classes = []
	internal.leave.group.on.close = true
	internal.throw.on.fetch.stable.offset.unsupported = false
	isolation.level = read_uncommitted
	key.deserializer = class org.apache.kafka.common.serialization.StringDeserializer
	max.partition.fetch.bytes = 1048576
	max.poll.interval.ms = 300000
	max.poll.records = 500
	metadata.max.age.ms = 300000
	metric.reporters = []
	metrics.num.samples = 2
	metrics.recording.level = INFO
	metrics.sample.window.ms = 30000
	partition.assignment.strategy = [class org.apache.kafka.clients.consumer.RangeAssignor, class org.apache.kafka.clients.consumer.CooperativeStickyAssignor]
	receive.buffer.bytes = 65536
	reconnect.backoff.max.ms = 1000
	reconnect.backoff.ms = 50
	request.timeout.ms = 30000
	retry.backoff.ms = 100
	sasl.client.callback.handler.class = null
	sasl.jaas.config = null
	sasl.kerberos.kinit.cmd = /usr/bin/kinit
	sasl.kerberos.min.time.before.relogin = 60000
	sasl.kerberos.service.name = null
	sasl.kerberos.ticket.renew.jitter = 0.05
	sasl.kerberos.ticket.renew.window.factor = 0.8
	sasl.login.callback.handler.class = null
	sasl.login.class = null
	sasl.login.connect.timeout.ms = null
	sasl.login.read.timeout.ms = null
	sasl.login.refresh.buffer.seconds = 300
	sasl.login.refresh.min.period.seconds = 60
	sasl.login.refresh.window.factor = 0.8
	sasl.login.refresh.window.jitter = 0.05
	sasl.login.retry.backoff.max.ms = 10000
	sasl.login.retry.backoff.ms = 100
	sasl.mechanism = GSSAPI
	sasl.oauthbearer.clock.skew.seconds = 30
	sasl.oauthbearer.expected.audience = null
	sasl.oauthbearer.expected.issuer = null
	sasl.oauthbearer.jwks.endpoint.refresh.ms = 3600000
	sasl.oauthbearer.jwks.endpoint.retry.backoff.max.ms = 10000
	sasl.oauthbearer.jwks.endpoint.retry.backoff.ms = 100
	sasl.oauthbearer.jwks.endpoint.url = null
	sasl.oauthbearer.scope.claim.name = scope
	sasl.oauthbearer.sub.claim.name = sub
	sasl.oauthbearer.token.endpoint.url = null
	security.protocol = PLAINTEXT
	security.providers = null
	send.buffer.bytes = 131072
	session.timeout.ms = 45000
	socket.connection.setup.timeout.max.ms = 30000
	socket.connection.setup.timeout.ms = 10000
	ssl.cipher.suites = null
	ssl.enabled.protocols = [TLSv1.2, TLSv1.3]
	ssl.endpoint.identification.algorithm = https
	ssl.engine.factory.class = null
	ssl.key.password = null
	ssl.keymanager.algorithm = SunX509
	ssl.keystore.certificate.chain = null
	ssl.keystore.key = null
	ssl.keystore.location = null
	ssl.keystore.password = null
	ssl.keystore.type = JKS
	ssl.protocol = TLSv1.3
	ssl.provider = null
	ssl.secure.random.implementation = null
	ssl.trustmanager.algorithm = PKIX
	ssl.truststore.certificates = null
	ssl.truststore.location = null
	ssl.truststore.password = null
	ssl.truststore.type = JKS
	value.deserializer = class org.apache.kafka.common.serialization.StringDeserializer

2023-10-31T11:19:41.258-03:00  INFO 45707 --- [           main] o.a.kafka.common.utils.AppInfoParser     : Kafka version: 3.4.1
2023-10-31T11:19:41.258-03:00  INFO 45707 --- [           main] o.a.kafka.common.utils.AppInfoParser     : Kafka commitId: 8a516edc2755df89
2023-10-31T11:19:41.258-03:00  INFO 45707 --- [           main] o.a.kafka.common.utils.AppInfoParser     : Kafka startTimeMs: 1698761981258
2023-10-31T11:19:41.258-03:00  INFO 45707 --- [           main] o.a.k.clients.consumer.KafkaConsumer     : [Consumer clientId=consumer-weekly-2, groupId=weekly] Subscribed to topic(s): weekly
2023-10-31T11:19:41.261-03:00  INFO 45707 --- [           main] c.p.w.redis.RedisTest                    : Started RedisTest in 0.428 seconds (process running for 17.628)
2023-10-31T11:19:41.261-03:00  INFO 45707 --- [   weekly-0-C-1] org.apache.kafka.clients.NetworkClient   : [Consumer clientId=consumer-weekly-2, groupId=weekly] Node -1 disconnected.
2023-10-31T11:19:41.262-03:00  WARN 45707 --- [   weekly-0-C-1] org.apache.kafka.clients.NetworkClient   : [Consumer clientId=consumer-weekly-2, groupId=weekly] Connection to node -1 (localhost/127.0.0.1:9092) could not be established. Broker may not be available.
2023-10-31T11:19:41.262-03:00  WARN 45707 --- [   weekly-0-C-1] org.apache.kafka.clients.NetworkClient   : [Consumer clientId=consumer-weekly-2, groupId=weekly] Bootstrap broker localhost:9092 (id: -1 rack: null) disconnected
2023-10-31T11:19:41.363-03:00  INFO 45707 --- [   weekly-0-C-1] org.apache.kafka.clients.NetworkClient   : [Consumer clientId=consumer-weekly-2, groupId=weekly] Node -1 disconnected.
2023-10-31T11:19:41.363-03:00  WARN 45707 --- [   weekly-0-C-1] org.apache.kafka.clients.NetworkClient   : [Consumer clientId=consumer-weekly-2, groupId=weekly] Connection to node -1 (localhost/127.0.0.1:9092) could not be established. Broker may not be available.
2023-10-31T11:19:41.363-03:00  WARN 45707 --- [   weekly-0-C-1] org.apache.kafka.clients.NetworkClient   : [Consumer clientId=consumer-weekly-2, groupId=weekly] Bootstrap broker localhost:9092 (id: -1 rack: null) disconnected
2023-10-31T11:19:41.516-03:00  INFO 45707 --- [   weekly-0-C-1] org.apache.kafka.clients.NetworkClient   : [Consumer clientId=consumer-weekly-2, groupId=weekly] Node -1 disconnected.
2023-10-31T11:19:41.516-03:00  WARN 45707 --- [   weekly-0-C-1] org.apache.kafka.clients.NetworkClient   : [Consumer clientId=consumer-weekly-2, groupId=weekly] Connection to node -1 (localhost/127.0.0.1:9092) could not be established. Broker may not be available.
2023-10-31T11:19:41.516-03:00  WARN 45707 --- [   weekly-0-C-1] org.apache.kafka.clients.NetworkClient   : [Consumer clientId=consumer-weekly-2, groupId=weekly] Bootstrap broker localhost:9092 (id: -1 rack: null) disconnected
]]></system-out>
  </testcase>
</testsuite>