<?xml version="1.0" encoding="UTF-8"?>
<testsuite xmlns:xsi="http://www.w3.org/2001/XMLSchema-instance" xsi:noNamespaceSchemaLocation="https://maven.apache.org/surefire/maven-surefire-plugin/xsd/surefire-test-report-3.0.xsd" version="3.0" name="com.picpay.weeklytestcontainers.kafka.KafkaTest" time="14.722" tests="1" errors="0" skipped="0" failures="0">
  <properties>
[...]
</properties>
  <testcase name="testKafka" classname="com.picpay.weeklytestcontainers.kafka.KafkaTest" time="1.473">
    <system-out><![CDATA[2023-10-31T11:19:45.025-03:00  INFO 45707 --- [           main] t.c.s.AnnotationConfigContextLoaderUtils : Could not detect default configuration classes for test class [com.picpay.weeklytestcontainers.kafka.KafkaTest]: KafkaTest does not declare any static, non-private, non-final, nested classes annotated with @Configuration.
2023-10-31T11:19:45.034-03:00  INFO 45707 --- [           main] .b.t.c.SpringBootTestContextBootstrapper : Found @SpringBootConfiguration com.picpay.weeklytestcontainers.WeeklyTestcontainersApplication for test class com.picpay.weeklytestcontainers.kafka.KafkaTest
2023-10-31T11:19:45.036-03:00  INFO 45707 --- [           main] tc.confluentinc/cp-kafka:7.3.3           : Creating container for image: confluentinc/cp-kafka:7.3.3
2023-10-31T11:19:45.067-03:00  INFO 45707 --- [           main] tc.confluentinc/cp-kafka:7.3.3           : Container confluentinc/cp-kafka:7.3.3 is starting: d2deb798a390a017c947124e0ae2718f21fe9ca8a00d643797d5a3f836ad8b9b
2023-10-31T11:19:45.167-03:00  INFO 45707 --- [   weekly-0-C-1] org.apache.kafka.clients.NetworkClient   : [Consumer clientId=consumer-weekly-2, groupId=weekly] Node -1 disconnected.
2023-10-31T11:19:45.167-03:00  WARN 45707 --- [   weekly-0-C-1] org.apache.kafka.clients.NetworkClient   : [Consumer clientId=consumer-weekly-2, groupId=weekly] Connection to node -1 (localhost/127.0.0.1:9092) could not be established. Broker may not be available.
2023-10-31T11:19:45.167-03:00  WARN 45707 --- [   weekly-0-C-1] org.apache.kafka.clients.NetworkClient   : [Consumer clientId=consumer-weekly-2, groupId=weekly] Bootstrap broker localhost:9092 (id: -1 rack: null) disconnected
2023-10-31T11:19:45.482-03:00  INFO 45707 --- [   weekly-0-C-1] org.apache.kafka.clients.NetworkClient   : [Consumer clientId=consumer-weekly-1, groupId=weekly] Node -1 disconnected.
2023-10-31T11:19:45.482-03:00  WARN 45707 --- [   weekly-0-C-1] org.apache.kafka.clients.NetworkClient   : [Consumer clientId=consumer-weekly-1, groupId=weekly] Connection to node -1 (localhost/127.0.0.1:9092) could not be established. Broker may not be available.
2023-10-31T11:19:45.482-03:00  WARN 45707 --- [   weekly-0-C-1] org.apache.kafka.clients.NetworkClient   : [Consumer clientId=consumer-weekly-1, groupId=weekly] Bootstrap broker localhost:9092 (id: -1 rack: null) disconnected
2023-10-31T11:19:46.365-03:00  INFO 45707 --- [   weekly-0-C-1] org.apache.kafka.clients.NetworkClient   : [Consumer clientId=consumer-weekly-2, groupId=weekly] Node -1 disconnected.
2023-10-31T11:19:46.365-03:00  WARN 45707 --- [   weekly-0-C-1] org.apache.kafka.clients.NetworkClient   : [Consumer clientId=consumer-weekly-2, groupId=weekly] Connection to node -1 (localhost/127.0.0.1:9092) could not be established. Broker may not be available.
2023-10-31T11:19:46.365-03:00  WARN 45707 --- [   weekly-0-C-1] org.apache.kafka.clients.NetworkClient   : [Consumer clientId=consumer-weekly-2, groupId=weekly] Bootstrap broker localhost:9092 (id: -1 rack: null) disconnected
2023-10-31T11:19:46.506-03:00  INFO 45707 --- [   weekly-0-C-1] org.apache.kafka.clients.NetworkClient   : [Consumer clientId=consumer-weekly-1, groupId=weekly] Node -1 disconnected.
2023-10-31T11:19:46.506-03:00  WARN 45707 --- [   weekly-0-C-1] org.apache.kafka.clients.NetworkClient   : [Consumer clientId=consumer-weekly-1, groupId=weekly] Connection to node -1 (localhost/127.0.0.1:9092) could not be established. Broker may not be available.
2023-10-31T11:19:46.506-03:00  WARN 45707 --- [   weekly-0-C-1] org.apache.kafka.clients.NetworkClient   : [Consumer clientId=consumer-weekly-1, groupId=weekly] Bootstrap broker localhost:9092 (id: -1 rack: null) disconnected
2023-10-31T11:19:47.381-03:00  INFO 45707 --- [   weekly-0-C-1] org.apache.kafka.clients.NetworkClient   : [Consumer clientId=consumer-weekly-2, groupId=weekly] Node -1 disconnected.
2023-10-31T11:19:47.381-03:00  WARN 45707 --- [   weekly-0-C-1] org.apache.kafka.clients.NetworkClient   : [Consumer clientId=consumer-weekly-2, groupId=weekly] Connection to node -1 (localhost/127.0.0.1:9092) could not be established. Broker may not be available.
2023-10-31T11:19:47.381-03:00  WARN 45707 --- [   weekly-0-C-1] org.apache.kafka.clients.NetworkClient   : [Consumer clientId=consumer-weekly-2, groupId=weekly] Bootstrap broker localhost:9092 (id: -1 rack: null) disconnected
2023-10-31T11:19:47.423-03:00  INFO 45707 --- [   weekly-0-C-1] org.apache.kafka.clients.NetworkClient   : [Consumer clientId=consumer-weekly-1, groupId=weekly] Node -1 disconnected.
2023-10-31T11:19:47.423-03:00  WARN 45707 --- [   weekly-0-C-1] org.apache.kafka.clients.NetworkClient   : [Consumer clientId=consumer-weekly-1, groupId=weekly] Connection to node -1 (localhost/127.0.0.1:9092) could not be established. Broker may not be available.
2023-10-31T11:19:47.423-03:00  WARN 45707 --- [   weekly-0-C-1] org.apache.kafka.clients.NetworkClient   : [Consumer clientId=consumer-weekly-1, groupId=weekly] Bootstrap broker localhost:9092 (id: -1 rack: null) disconnected
2023-10-31T11:19:48.396-03:00  INFO 45707 --- [   weekly-0-C-1] org.apache.kafka.clients.NetworkClient   : [Consumer clientId=consumer-weekly-2, groupId=weekly] Node -1 disconnected.
2023-10-31T11:19:48.397-03:00  WARN 45707 --- [   weekly-0-C-1] org.apache.kafka.clients.NetworkClient   : [Consumer clientId=consumer-weekly-2, groupId=weekly] Connection to node -1 (localhost/127.0.0.1:9092) could not be established. Broker may not be available.
2023-10-31T11:19:48.397-03:00  WARN 45707 --- [   weekly-0-C-1] org.apache.kafka.clients.NetworkClient   : [Consumer clientId=consumer-weekly-2, groupId=weekly] Bootstrap broker localhost:9092 (id: -1 rack: null) disconnected
2023-10-31T11:19:48.536-03:00  INFO 45707 --- [   weekly-0-C-1] org.apache.kafka.clients.NetworkClient   : [Consumer clientId=consumer-weekly-1, groupId=weekly] Node -1 disconnected.
2023-10-31T11:19:48.536-03:00  WARN 45707 --- [   weekly-0-C-1] org.apache.kafka.clients.NetworkClient   : [Consumer clientId=consumer-weekly-1, groupId=weekly] Connection to node -1 (localhost/127.0.0.1:9092) could not be established. Broker may not be available.
2023-10-31T11:19:48.536-03:00  WARN 45707 --- [   weekly-0-C-1] org.apache.kafka.clients.NetworkClient   : [Consumer clientId=consumer-weekly-1, groupId=weekly] Bootstrap broker localhost:9092 (id: -1 rack: null) disconnected
2023-10-31T11:19:49.210-03:00  INFO 45707 --- [   weekly-0-C-1] org.apache.kafka.clients.NetworkClient   : [Consumer clientId=consumer-weekly-2, groupId=weekly] Node -1 disconnected.
2023-10-31T11:19:49.210-03:00  WARN 45707 --- [   weekly-0-C-1] org.apache.kafka.clients.NetworkClient   : [Consumer clientId=consumer-weekly-2, groupId=weekly] Connection to node -1 (localhost/127.0.0.1:9092) could not be established. Broker may not be available.
2023-10-31T11:19:49.210-03:00  WARN 45707 --- [   weekly-0-C-1] org.apache.kafka.clients.NetworkClient   : [Consumer clientId=consumer-weekly-2, groupId=weekly] Bootstrap broker localhost:9092 (id: -1 rack: null) disconnected
2023-10-31T11:19:49.601-03:00  INFO 45707 --- [   weekly-0-C-1] org.apache.kafka.clients.NetworkClient   : [Consumer clientId=consumer-weekly-1, groupId=weekly] Node -1 disconnected.
2023-10-31T11:19:49.602-03:00  WARN 45707 --- [   weekly-0-C-1] org.apache.kafka.clients.NetworkClient   : [Consumer clientId=consumer-weekly-1, groupId=weekly] Connection to node -1 (localhost/127.0.0.1:9092) could not be established. Broker may not be available.
2023-10-31T11:19:49.602-03:00  WARN 45707 --- [   weekly-0-C-1] org.apache.kafka.clients.NetworkClient   : [Consumer clientId=consumer-weekly-1, groupId=weekly] Bootstrap broker localhost:9092 (id: -1 rack: null) disconnected
2023-10-31T11:19:50.226-03:00  INFO 45707 --- [   weekly-0-C-1] org.apache.kafka.clients.NetworkClient   : [Consumer clientId=consumer-weekly-2, groupId=weekly] Node -1 disconnected.
2023-10-31T11:19:50.226-03:00  WARN 45707 --- [   weekly-0-C-1] org.apache.kafka.clients.NetworkClient   : [Consumer clientId=consumer-weekly-2, groupId=weekly] Connection to node -1 (localhost/127.0.0.1:9092) could not be established. Broker may not be available.
2023-10-31T11:19:50.226-03:00  WARN 45707 --- [   weekly-0-C-1] org.apache.kafka.clients.NetworkClient   : [Consumer clientId=consumer-weekly-2, groupId=weekly] Bootstrap broker localhost:9092 (id: -1 rack: null) disconnected
2023-10-31T11:19:50.567-03:00  INFO 45707 --- [   weekly-0-C-1] org.apache.kafka.clients.NetworkClient   : [Consumer clientId=consumer-weekly-1, groupId=weekly] Node -1 disconnected.
2023-10-31T11:19:50.567-03:00  WARN 45707 --- [   weekly-0-C-1] org.apache.kafka.clients.NetworkClient   : [Consumer clientId=consumer-weekly-1, groupId=weekly] Connection to node -1 (localhost/127.0.0.1:9092) could not be established. Broker may not be available.
2023-10-31T11:19:50.567-03:00  WARN 45707 --- [   weekly-0-C-1] org.apache.kafka.clients.NetworkClient   : [Consumer clientId=consumer-weekly-1, groupId=weekly] Bootstrap broker localhost:9092 (id: -1 rack: null) disconnected
2023-10-31T11:19:50.787-03:00  INFO 45707 --- [ecutorLoop-4-15] i.l.core.protocol.ConnectionWatchdog     : Reconnecting, last destination was localhost/<unresolved>:49169
2023-10-31T11:19:50.793-03:00  WARN 45707 --- [oEventLoop-6-14] i.l.core.protocol.ConnectionWatchdog     : Cannot reconnect to [localhost/<unresolved>:49169]: Connection refused: localhost/127.0.0.1:49169
2023-10-31T11:19:51.416-03:00  INFO 45707 --- [   weekly-0-C-1] org.apache.kafka.clients.NetworkClient   : [Consumer clientId=consumer-weekly-2, groupId=weekly] Node -1 disconnected.
2023-10-31T11:19:51.416-03:00  WARN 45707 --- [   weekly-0-C-1] org.apache.kafka.clients.NetworkClient   : [Consumer clientId=consumer-weekly-2, groupId=weekly] Connection to node -1 (localhost/127.0.0.1:9092) could not be established. Broker may not be available.
2023-10-31T11:19:51.416-03:00  WARN 45707 --- [   weekly-0-C-1] org.apache.kafka.clients.NetworkClient   : [Consumer clientId=consumer-weekly-2, groupId=weekly] Bootstrap broker localhost:9092 (id: -1 rack: null) disconnected
2023-10-31T11:19:51.430-03:00  INFO 45707 --- [   weekly-0-C-1] org.apache.kafka.clients.NetworkClient   : [Consumer clientId=consumer-weekly-1, groupId=weekly] Node -1 disconnected.
2023-10-31T11:19:51.430-03:00  WARN 45707 --- [   weekly-0-C-1] org.apache.kafka.clients.NetworkClient   : [Consumer clientId=consumer-weekly-1, groupId=weekly] Connection to node -1 (localhost/127.0.0.1:9092) could not be established. Broker may not be available.
2023-10-31T11:19:51.430-03:00  WARN 45707 --- [   weekly-0-C-1] org.apache.kafka.clients.NetworkClient   : [Consumer clientId=consumer-weekly-1, groupId=weekly] Bootstrap broker localhost:9092 (id: -1 rack: null) disconnected
2023-10-31T11:19:52.281-03:00  INFO 45707 --- [   weekly-0-C-1] org.apache.kafka.clients.NetworkClient   : [Consumer clientId=consumer-weekly-2, groupId=weekly] Node -1 disconnected.
2023-10-31T11:19:52.282-03:00  WARN 45707 --- [   weekly-0-C-1] org.apache.kafka.clients.NetworkClient   : [Consumer clientId=consumer-weekly-2, groupId=weekly] Connection to node -1 (localhost/127.0.0.1:9092) could not be established. Broker may not be available.
2023-10-31T11:19:52.282-03:00  WARN 45707 --- [   weekly-0-C-1] org.apache.kafka.clients.NetworkClient   : [Consumer clientId=consumer-weekly-2, groupId=weekly] Bootstrap broker localhost:9092 (id: -1 rack: null) disconnected
2023-10-31T11:19:52.597-03:00  INFO 45707 --- [   weekly-0-C-1] org.apache.kafka.clients.NetworkClient   : [Consumer clientId=consumer-weekly-1, groupId=weekly] Node -1 disconnected.
2023-10-31T11:19:52.598-03:00  WARN 45707 --- [   weekly-0-C-1] org.apache.kafka.clients.NetworkClient   : [Consumer clientId=consumer-weekly-1, groupId=weekly] Connection to node -1 (localhost/127.0.0.1:9092) could not be established. Broker may not be available.
2023-10-31T11:19:52.598-03:00  WARN 45707 --- [   weekly-0-C-1] org.apache.kafka.clients.NetworkClient   : [Consumer clientId=consumer-weekly-1, groupId=weekly] Bootstrap broker localhost:9092 (id: -1 rack: null) disconnected
2023-10-31T11:19:53.300-03:00  INFO 45707 --- [   weekly-0-C-1] org.apache.kafka.clients.NetworkClient   : [Consumer clientId=consumer-weekly-2, groupId=weekly] Node -1 disconnected.
2023-10-31T11:19:53.300-03:00  WARN 45707 --- [   weekly-0-C-1] org.apache.kafka.clients.NetworkClient   : [Consumer clientId=consumer-weekly-2, groupId=weekly] Connection to node -1 (localhost/127.0.0.1:9092) could not be established. Broker may not be available.
2023-10-31T11:19:53.300-03:00  WARN 45707 --- [   weekly-0-C-1] org.apache.kafka.clients.NetworkClient   : [Consumer clientId=consumer-weekly-2, groupId=weekly] Bootstrap broker localhost:9092 (id: -1 rack: null) disconnected
2023-10-31T11:19:53.638-03:00  INFO 45707 --- [   weekly-0-C-1] org.apache.kafka.clients.NetworkClient   : [Consumer clientId=consumer-weekly-1, groupId=weekly] Node -1 disconnected.
2023-10-31T11:19:53.638-03:00  WARN 45707 --- [   weekly-0-C-1] org.apache.kafka.clients.NetworkClient   : [Consumer clientId=consumer-weekly-1, groupId=weekly] Connection to node -1 (localhost/127.0.0.1:9092) could not be established. Broker may not be available.
2023-10-31T11:19:53.638-03:00  WARN 45707 --- [   weekly-0-C-1] org.apache.kafka.clients.NetworkClient   : [Consumer clientId=consumer-weekly-1, groupId=weekly] Bootstrap broker localhost:9092 (id: -1 rack: null) disconnected
2023-10-31T11:19:54.264-03:00  INFO 45707 --- [   weekly-0-C-1] org.apache.kafka.clients.NetworkClient   : [Consumer clientId=consumer-weekly-2, groupId=weekly] Node -1 disconnected.
2023-10-31T11:19:54.264-03:00  WARN 45707 --- [   weekly-0-C-1] org.apache.kafka.clients.NetworkClient   : [Consumer clientId=consumer-weekly-2, groupId=weekly] Connection to node -1 (localhost/127.0.0.1:9092) could not be established. Broker may not be available.
2023-10-31T11:19:54.264-03:00  WARN 45707 --- [   weekly-0-C-1] org.apache.kafka.clients.NetworkClient   : [Consumer clientId=consumer-weekly-2, groupId=weekly] Bootstrap broker localhost:9092 (id: -1 rack: null) disconnected
2023-10-31T11:19:54.603-03:00  INFO 45707 --- [   weekly-0-C-1] org.apache.kafka.clients.NetworkClient   : [Consumer clientId=consumer-weekly-1, groupId=weekly] Node -1 disconnected.
2023-10-31T11:19:54.603-03:00  WARN 45707 --- [   weekly-0-C-1] org.apache.kafka.clients.NetworkClient   : [Consumer clientId=consumer-weekly-1, groupId=weekly] Connection to node -1 (localhost/127.0.0.1:9092) could not be established. Broker may not be available.
2023-10-31T11:19:54.603-03:00  WARN 45707 --- [   weekly-0-C-1] org.apache.kafka.clients.NetworkClient   : [Consumer clientId=consumer-weekly-1, groupId=weekly] Bootstrap broker localhost:9092 (id: -1 rack: null) disconnected
2023-10-31T11:19:55.127-03:00  INFO 45707 --- [   weekly-0-C-1] org.apache.kafka.clients.NetworkClient   : [Consumer clientId=consumer-weekly-2, groupId=weekly] Node -1 disconnected.
2023-10-31T11:19:55.127-03:00  WARN 45707 --- [   weekly-0-C-1] org.apache.kafka.clients.NetworkClient   : [Consumer clientId=consumer-weekly-2, groupId=weekly] Connection to node -1 (localhost/127.0.0.1:9092) could not be established. Broker may not be available.
2023-10-31T11:19:55.128-03:00  WARN 45707 --- [   weekly-0-C-1] org.apache.kafka.clients.NetworkClient   : [Consumer clientId=consumer-weekly-2, groupId=weekly] Bootstrap broker localhost:9092 (id: -1 rack: null) disconnected
2023-10-31T11:19:55.619-03:00  INFO 45707 --- [   weekly-0-C-1] org.apache.kafka.clients.NetworkClient   : [Consumer clientId=consumer-weekly-1, groupId=weekly] Node -1 disconnected.
2023-10-31T11:19:55.620-03:00  WARN 45707 --- [   weekly-0-C-1] org.apache.kafka.clients.NetworkClient   : [Consumer clientId=consumer-weekly-1, groupId=weekly] Connection to node -1 (localhost/127.0.0.1:9092) could not be established. Broker may not be available.
2023-10-31T11:19:55.620-03:00  WARN 45707 --- [   weekly-0-C-1] org.apache.kafka.clients.NetworkClient   : [Consumer clientId=consumer-weekly-1, groupId=weekly] Bootstrap broker localhost:9092 (id: -1 rack: null) disconnected
2023-10-31T11:19:56.243-03:00  INFO 45707 --- [   weekly-0-C-1] org.apache.kafka.clients.NetworkClient   : [Consumer clientId=consumer-weekly-2, groupId=weekly] Node -1 disconnected.
2023-10-31T11:19:56.243-03:00  WARN 45707 --- [   weekly-0-C-1] org.apache.kafka.clients.NetworkClient   : [Consumer clientId=consumer-weekly-2, groupId=weekly] Connection to node -1 (localhost/127.0.0.1:9092) could not be established. Broker may not be available.
2023-10-31T11:19:56.243-03:00  WARN 45707 --- [   weekly-0-C-1] org.apache.kafka.clients.NetworkClient   : [Consumer clientId=consumer-weekly-2, groupId=weekly] Bootstrap broker localhost:9092 (id: -1 rack: null) disconnected
2023-10-31T11:19:56.736-03:00  INFO 45707 --- [   weekly-0-C-1] org.apache.kafka.clients.NetworkClient   : [Consumer clientId=consumer-weekly-1, groupId=weekly] Node -1 disconnected.
2023-10-31T11:19:56.736-03:00  WARN 45707 --- [   weekly-0-C-1] org.apache.kafka.clients.NetworkClient   : [Consumer clientId=consumer-weekly-1, groupId=weekly] Connection to node -1 (localhost/127.0.0.1:9092) could not be established. Broker may not be available.
2023-10-31T11:19:56.736-03:00  WARN 45707 --- [   weekly-0-C-1] org.apache.kafka.clients.NetworkClient   : [Consumer clientId=consumer-weekly-1, groupId=weekly] Bootstrap broker localhost:9092 (id: -1 rack: null) disconnected
2023-10-31T11:19:57.257-03:00  INFO 45707 --- [   weekly-0-C-1] org.apache.kafka.clients.NetworkClient   : [Consumer clientId=consumer-weekly-2, groupId=weekly] Node -1 disconnected.
2023-10-31T11:19:57.257-03:00  WARN 45707 --- [   weekly-0-C-1] org.apache.kafka.clients.NetworkClient   : [Consumer clientId=consumer-weekly-2, groupId=weekly] Connection to node -1 (localhost/127.0.0.1:9092) could not be established. Broker may not be available.
2023-10-31T11:19:57.257-03:00  WARN 45707 --- [   weekly-0-C-1] org.apache.kafka.clients.NetworkClient   : [Consumer clientId=consumer-weekly-2, groupId=weekly] Bootstrap broker localhost:9092 (id: -1 rack: null) disconnected
2023-10-31T11:19:57.322-03:00  INFO 45707 --- [           main] tc.confluentinc/cp-kafka:7.3.3           : Container confluentinc/cp-kafka:7.3.3 started in PT12.285812S

  .   ____          _            __ _ _
 /\\ / ___'_ __ _ _(_)_ __  __ _ \ \ \ \
( ( )\___ | '_ | '_| | '_ \/ _` | \ \ \ \
 \\/  ___)| |_)| | | | | || (_| |  ) ) ) )
  '  |____| .__|_| |_|_| |_\__, | / / / /
 =========|_|==============|___/=/_/_/_/
 :: Spring Boot ::                (v3.1.4)

2023-10-31T11:19:57.339-03:00  WARN 45707 --- [           main] ory$DuplicateJsonObjectContextCustomizer : 

Found multiple occurrences of org.json.JSONObject on the class path:

	jar:file:/Users/paulo.bezerra/.m2/repository/org/json/json/20220320/json-20220320.jar!/org/json/JSONObject.class
	jar:file:/Users/paulo.bezerra/.m2/repository/com/vaadin/external/google/android-json/0.0.20131108.vaadin1/android-json-0.0.20131108.vaadin1.jar!/org/json/JSONObject.class

You may wish to exclude one of them to ensure predictable runtime behavior

2023-10-31T11:19:57.339-03:00  INFO 45707 --- [           main] c.p.w.kafka.KafkaTest                    : broker address: PLAINTEXT://localhost:49170
2023-10-31T11:19:57.340-03:00  INFO 45707 --- [           main] c.p.w.kafka.KafkaTest                    : Starting KafkaTest using Java 17.0.2 with PID 45707 (started by paulo.bezerra in /Users/paulo.bezerra/Workspaces/ws-weekly/weekly-testcontainers)
2023-10-31T11:19:57.340-03:00  INFO 45707 --- [           main] c.p.w.kafka.KafkaTest                    : No active profile set, falling back to 1 default profile: "default"
2023-10-31T11:19:57.414-03:00  INFO 45707 --- [           main] .s.d.r.c.RepositoryConfigurationDelegate : Multiple Spring Data modules found, entering strict repository configuration mode
2023-10-31T11:19:57.414-03:00  INFO 45707 --- [           main] .s.d.r.c.RepositoryConfigurationDelegate : Bootstrapping Spring Data JDBC repositories in DEFAULT mode.
2023-10-31T11:19:57.418-03:00  INFO 45707 --- [           main] .s.d.r.c.RepositoryConfigurationDelegate : Finished Spring Data repository scanning in 3 ms. Found 0 JDBC repository interfaces.
2023-10-31T11:19:57.420-03:00  INFO 45707 --- [           main] .s.d.r.c.RepositoryConfigurationDelegate : Multiple Spring Data modules found, entering strict repository configuration mode
2023-10-31T11:19:57.420-03:00  INFO 45707 --- [           main] .s.d.r.c.RepositoryConfigurationDelegate : Bootstrapping Spring Data Redis repositories in DEFAULT mode.
2023-10-31T11:19:57.423-03:00  INFO 45707 --- [           main] .s.d.r.c.RepositoryConfigurationDelegate : Finished Spring Data repository scanning in 3 ms. Found 0 Redis repository interfaces.
2023-10-31T11:19:57.480-03:00  INFO 45707 --- [           main] com.zaxxer.hikari.HikariDataSource       : HikariPool-3 - Starting...
2023-10-31T11:19:57.576-03:00  INFO 45707 --- [           main] com.zaxxer.hikari.pool.HikariPool        : HikariPool-3 - Added connection org.testcontainers.jdbc.ConnectionWrapper@1cb4cad0
2023-10-31T11:19:57.576-03:00  INFO 45707 --- [           main] com.zaxxer.hikari.HikariDataSource       : HikariPool-3 - Start completed.
2023-10-31T11:19:57.579-03:00  INFO 45707 --- [           main] o.f.c.i.database.base.BaseDatabaseType   : Database: jdbc:postgresql://localhost:49168/test (PostgreSQL 15.4)
2023-10-31T11:19:57.619-03:00  INFO 45707 --- [           main] o.f.core.internal.command.DbValidate     : Successfully validated 1 migration (execution time 00:00.016s)
2023-10-31T11:19:57.690-03:00  INFO 45707 --- [           main] o.f.core.internal.command.DbMigrate      : Current version of schema "public": 1
2023-10-31T11:19:57.693-03:00  INFO 45707 --- [           main] o.f.core.internal.command.DbMigrate      : Schema "public" is up to date. No migration necessary.
2023-10-31T11:19:57.770-03:00  INFO 45707 --- [           main] o.a.k.clients.consumer.ConsumerConfig    : ConsumerConfig values: 
	allow.auto.create.topics = true
	auto.commit.interval.ms = 5000
	auto.include.jmx.reporter = true
	auto.offset.reset = earliest
	bootstrap.servers = [PLAINTEXT://localhost:49170]
	check.crcs = true
	client.dns.lookup = use_all_dns_ips
	client.id = consumer-weekly-3
	client.rack = 
	connections.max.idle.ms = 540000
	default.api.timeout.ms = 60000
	enable.auto.commit = false
	exclude.internal.topics = true
	fetch.max.bytes = 52428800
	fetch.max.wait.ms = 500
	fetch.min.bytes = 1
	group.id = weekly
	group.instance.id = null
	heartbeat.interval.ms = 3000
	interceptor.classes = []
	internal.leave.group.on.close = true
	internal.throw.on.fetch.stable.offset.unsupported = false
	isolation.level = read_uncommitted
	key.deserializer = class org.apache.kafka.common.serialization.StringDeserializer
	max.partition.fetch.bytes = 1048576
	max.poll.interval.ms = 300000
	max.poll.records = 500
	metadata.max.age.ms = 300000
	metric.reporters = []
	metrics.num.samples = 2
	metrics.recording.level = INFO
	metrics.sample.window.ms = 30000
	partition.assignment.strategy = [class org.apache.kafka.clients.consumer.RangeAssignor, class org.apache.kafka.clients.consumer.CooperativeStickyAssignor]
	receive.buffer.bytes = 65536
	reconnect.backoff.max.ms = 1000
	reconnect.backoff.ms = 50
	request.timeout.ms = 30000
	retry.backoff.ms = 100
	sasl.client.callback.handler.class = null
	sasl.jaas.config = null
	sasl.kerberos.kinit.cmd = /usr/bin/kinit
	sasl.kerberos.min.time.before.relogin = 60000
	sasl.kerberos.service.name = null
	sasl.kerberos.ticket.renew.jitter = 0.05
	sasl.kerberos.ticket.renew.window.factor = 0.8
	sasl.login.callback.handler.class = null
	sasl.login.class = null
	sasl.login.connect.timeout.ms = null
	sasl.login.read.timeout.ms = null
	sasl.login.refresh.buffer.seconds = 300
	sasl.login.refresh.min.period.seconds = 60
	sasl.login.refresh.window.factor = 0.8
	sasl.login.refresh.window.jitter = 0.05
	sasl.login.retry.backoff.max.ms = 10000
	sasl.login.retry.backoff.ms = 100
	sasl.mechanism = GSSAPI
	sasl.oauthbearer.clock.skew.seconds = 30
	sasl.oauthbearer.expected.audience = null
	sasl.oauthbearer.expected.issuer = null
	sasl.oauthbearer.jwks.endpoint.refresh.ms = 3600000
	sasl.oauthbearer.jwks.endpoint.retry.backoff.max.ms = 10000
	sasl.oauthbearer.jwks.endpoint.retry.backoff.ms = 100
	sasl.oauthbearer.jwks.endpoint.url = null
	sasl.oauthbearer.scope.claim.name = scope
	sasl.oauthbearer.sub.claim.name = sub
	sasl.oauthbearer.token.endpoint.url = null
	security.protocol = PLAINTEXT
	security.providers = null
	send.buffer.bytes = 131072
	session.timeout.ms = 45000
	socket.connection.setup.timeout.max.ms = 30000
	socket.connection.setup.timeout.ms = 10000
	ssl.cipher.suites = null
	ssl.enabled.protocols = [TLSv1.2, TLSv1.3]
	ssl.endpoint.identification.algorithm = https
	ssl.engine.factory.class = null
	ssl.key.password = null
	ssl.keymanager.algorithm = SunX509
	ssl.keystore.certificate.chain = null
	ssl.keystore.key = null
	ssl.keystore.location = null
	ssl.keystore.password = null
	ssl.keystore.type = JKS
	ssl.protocol = TLSv1.3
	ssl.provider = null
	ssl.secure.random.implementation = null
	ssl.trustmanager.algorithm = PKIX
	ssl.truststore.certificates = null
	ssl.truststore.location = null
	ssl.truststore.password = null
	ssl.truststore.type = JKS
	value.deserializer = class org.apache.kafka.common.serialization.StringDeserializer

2023-10-31T11:19:57.776-03:00  INFO 45707 --- [           main] o.a.kafka.common.utils.AppInfoParser     : Kafka version: 3.4.1
2023-10-31T11:19:57.776-03:00  INFO 45707 --- [           main] o.a.kafka.common.utils.AppInfoParser     : Kafka commitId: 8a516edc2755df89
2023-10-31T11:19:57.776-03:00  INFO 45707 --- [           main] o.a.kafka.common.utils.AppInfoParser     : Kafka startTimeMs: 1698761997775
2023-10-31T11:19:57.776-03:00  INFO 45707 --- [           main] o.a.k.clients.consumer.KafkaConsumer     : [Consumer clientId=consumer-weekly-3, groupId=weekly] Subscribed to topic(s): weekly
2023-10-31T11:19:57.779-03:00  INFO 45707 --- [           main] c.p.w.kafka.KafkaTest                    : Started KafkaTest in 0.454 seconds (process running for 34.147)
2023-10-31T11:19:57.796-03:00  INFO 45707 --- [           main] o.a.k.clients.producer.ProducerConfig    : ProducerConfig values: 
	acks = -1
	auto.include.jmx.reporter = true
	batch.size = 16384
	bootstrap.servers = [PLAINTEXT://localhost:49170]
	buffer.memory = 33554432
	client.dns.lookup = use_all_dns_ips
	client.id = producer-1
	compression.type = none
	connections.max.idle.ms = 540000
	delivery.timeout.ms = 120000
	enable.idempotence = true
	interceptor.classes = []
	key.serializer = class org.apache.kafka.common.serialization.StringSerializer
	linger.ms = 0
	max.block.ms = 60000
	max.in.flight.requests.per.connection = 5
	max.request.size = 1048576
	metadata.max.age.ms = 300000
	metadata.max.idle.ms = 300000
	metric.reporters = []
	metrics.num.samples = 2
	metrics.recording.level = INFO
	metrics.sample.window.ms = 30000
	partitioner.adaptive.partitioning.enable = true
	partitioner.availability.timeout.ms = 0
	partitioner.class = null
	partitioner.ignore.keys = false
	receive.buffer.bytes = 32768
	reconnect.backoff.max.ms = 1000
	reconnect.backoff.ms = 50
	request.timeout.ms = 30000
	retries = 2147483647
	retry.backoff.ms = 100
	sasl.client.callback.handler.class = null
	sasl.jaas.config = null
	sasl.kerberos.kinit.cmd = /usr/bin/kinit
	sasl.kerberos.min.time.before.relogin = 60000
	sasl.kerberos.service.name = null
	sasl.kerberos.ticket.renew.jitter = 0.05
	sasl.kerberos.ticket.renew.window.factor = 0.8
	sasl.login.callback.handler.class = null
	sasl.login.class = null
	sasl.login.connect.timeout.ms = null
	sasl.login.read.timeout.ms = null
	sasl.login.refresh.buffer.seconds = 300
	sasl.login.refresh.min.period.seconds = 60
	sasl.login.refresh.window.factor = 0.8
	sasl.login.refresh.window.jitter = 0.05
	sasl.login.retry.backoff.max.ms = 10000
	sasl.login.retry.backoff.ms = 100
	sasl.mechanism = GSSAPI
	sasl.oauthbearer.clock.skew.seconds = 30
	sasl.oauthbearer.expected.audience = null
	sasl.oauthbearer.expected.issuer = null
	sasl.oauthbearer.jwks.endpoint.refresh.ms = 3600000
	sasl.oauthbearer.jwks.endpoint.retry.backoff.max.ms = 10000
	sasl.oauthbearer.jwks.endpoint.retry.backoff.ms = 100
	sasl.oauthbearer.jwks.endpoint.url = null
	sasl.oauthbearer.scope.claim.name = scope
	sasl.oauthbearer.sub.claim.name = sub
	sasl.oauthbearer.token.endpoint.url = null
	security.protocol = PLAINTEXT
	security.providers = null
	send.buffer.bytes = 131072
	socket.connection.setup.timeout.max.ms = 30000
	socket.connection.setup.timeout.ms = 10000
	ssl.cipher.suites = null
	ssl.enabled.protocols = [TLSv1.2, TLSv1.3]
	ssl.endpoint.identification.algorithm = https
	ssl.engine.factory.class = null
	ssl.key.password = null
	ssl.keymanager.algorithm = SunX509
	ssl.keystore.certificate.chain = null
	ssl.keystore.key = null
	ssl.keystore.location = null
	ssl.keystore.password = null
	ssl.keystore.type = JKS
	ssl.protocol = TLSv1.3
	ssl.provider = null
	ssl.secure.random.implementation = null
	ssl.trustmanager.algorithm = PKIX
	ssl.truststore.certificates = null
	ssl.truststore.location = null
	ssl.truststore.password = null
	ssl.truststore.type = JKS
	transaction.timeout.ms = 60000
	transactional.id = null
	value.serializer = class org.apache.kafka.common.serialization.StringSerializer

2023-10-31T11:19:57.802-03:00  INFO 45707 --- [   weekly-0-C-1] org.apache.kafka.clients.NetworkClient   : [Consumer clientId=consumer-weekly-1, groupId=weekly] Node -1 disconnected.
2023-10-31T11:19:57.802-03:00  WARN 45707 --- [   weekly-0-C-1] org.apache.kafka.clients.NetworkClient   : [Consumer clientId=consumer-weekly-1, groupId=weekly] Connection to node -1 (localhost/127.0.0.1:9092) could not be established. Broker may not be available.
2023-10-31T11:19:57.802-03:00  WARN 45707 --- [   weekly-0-C-1] org.apache.kafka.clients.NetworkClient   : [Consumer clientId=consumer-weekly-1, groupId=weekly] Bootstrap broker localhost:9092 (id: -1 rack: null) disconnected
2023-10-31T11:19:57.804-03:00  INFO 45707 --- [           main] o.a.k.clients.producer.KafkaProducer     : [Producer clientId=producer-1] Instantiated an idempotent producer.
2023-10-31T11:19:57.817-03:00  INFO 45707 --- [           main] o.a.kafka.common.utils.AppInfoParser     : Kafka version: 3.4.1
2023-10-31T11:19:57.817-03:00  INFO 45707 --- [           main] o.a.kafka.common.utils.AppInfoParser     : Kafka commitId: 8a516edc2755df89
2023-10-31T11:19:57.817-03:00  INFO 45707 --- [           main] o.a.kafka.common.utils.AppInfoParser     : Kafka startTimeMs: 1698761997817
2023-10-31T11:19:57.948-03:00  WARN 45707 --- [ad | producer-1] org.apache.kafka.clients.NetworkClient   : [Producer clientId=producer-1] Error while fetching metadata with correlation id 1 : {weekly=UNKNOWN_TOPIC_OR_PARTITION}
2023-10-31T11:19:57.949-03:00  INFO 45707 --- [ad | producer-1] org.apache.kafka.clients.Metadata        : [Producer clientId=producer-1] Cluster ID: nNadjmZBRzORH3pwwtagVg
2023-10-31T11:19:58.020-03:00  INFO 45707 --- [ad | producer-1] o.a.k.c.p.internals.TransactionManager   : [Producer clientId=producer-1] ProducerId set to 0 with epoch 0
2023-10-31T11:19:58.062-03:00  WARN 45707 --- [ad | producer-1] org.apache.kafka.clients.NetworkClient   : [Producer clientId=producer-1] Error while fetching metadata with correlation id 4 : {weekly=UNKNOWN_TOPIC_OR_PARTITION}
2023-10-31T11:19:58.066-03:00  WARN 45707 --- [   weekly-0-C-1] org.apache.kafka.clients.NetworkClient   : [Consumer clientId=consumer-weekly-3, groupId=weekly] Error while fetching metadata with correlation id 2 : {weekly=LEADER_NOT_AVAILABLE}
2023-10-31T11:19:58.066-03:00  INFO 45707 --- [   weekly-0-C-1] org.apache.kafka.clients.Metadata        : [Consumer clientId=consumer-weekly-3, groupId=weekly] Cluster ID: nNadjmZBRzORH3pwwtagVg
2023-10-31T11:19:58.177-03:00  WARN 45707 --- [ad | producer-1] org.apache.kafka.clients.NetworkClient   : [Producer clientId=producer-1] Error while fetching metadata with correlation id 5 : {weekly=LEADER_NOT_AVAILABLE}
2023-10-31T11:19:58.189-03:00  WARN 45707 --- [   weekly-0-C-1] org.apache.kafka.clients.NetworkClient   : [Consumer clientId=consumer-weekly-3, groupId=weekly] Error while fetching metadata with correlation id 4 : {weekly=LEADER_NOT_AVAILABLE}
2023-10-31T11:19:58.223-03:00  INFO 45707 --- [   weekly-0-C-1] org.apache.kafka.clients.NetworkClient   : [Consumer clientId=consumer-weekly-2, groupId=weekly] Node -1 disconnected.
2023-10-31T11:19:58.223-03:00  WARN 45707 --- [   weekly-0-C-1] org.apache.kafka.clients.NetworkClient   : [Consumer clientId=consumer-weekly-2, groupId=weekly] Connection to node -1 (localhost/127.0.0.1:9092) could not be established. Broker may not be available.
2023-10-31T11:19:58.224-03:00  WARN 45707 --- [   weekly-0-C-1] org.apache.kafka.clients.NetworkClient   : [Consumer clientId=consumer-weekly-2, groupId=weekly] Bootstrap broker localhost:9092 (id: -1 rack: null) disconnected
2023-10-31T11:19:58.299-03:00  WARN 45707 --- [   weekly-0-C-1] org.apache.kafka.clients.NetworkClient   : [Consumer clientId=consumer-weekly-3, groupId=weekly] Error while fetching metadata with correlation id 6 : {weekly=UNKNOWN_TOPIC_OR_PARTITION}
2023-10-31T11:19:58.307-03:00  WARN 45707 --- [ad | producer-1] org.apache.kafka.clients.NetworkClient   : [Producer clientId=producer-1] Error while fetching metadata with correlation id 6 : {weekly=LEADER_NOT_AVAILABLE}
2023-10-31T11:19:58.418-03:00  WARN 45707 --- [ad | producer-1] org.apache.kafka.clients.NetworkClient   : [Producer clientId=producer-1] Error while fetching metadata with correlation id 7 : {weekly=UNKNOWN_TOPIC_OR_PARTITION}
2023-10-31T11:19:58.421-03:00  WARN 45707 --- [   weekly-0-C-1] org.apache.kafka.clients.NetworkClient   : [Consumer clientId=consumer-weekly-3, groupId=weekly] Error while fetching metadata with correlation id 8 : {weekly=LEADER_NOT_AVAILABLE}
2023-10-31T11:19:58.531-03:00  WARN 45707 --- [   weekly-0-C-1] org.apache.kafka.clients.NetworkClient   : [Consumer clientId=consumer-weekly-3, groupId=weekly] Error while fetching metadata with correlation id 10 : {weekly=UNKNOWN_TOPIC_OR_PARTITION}
2023-10-31T11:19:58.539-03:00  WARN 45707 --- [ad | producer-1] org.apache.kafka.clients.NetworkClient   : [Producer clientId=producer-1] Error while fetching metadata with correlation id 8 : {weekly=LEADER_NOT_AVAILABLE}
2023-10-31T11:19:58.642-03:00  WARN 45707 --- [   weekly-0-C-1] org.apache.kafka.clients.NetworkClient   : [Consumer clientId=consumer-weekly-3, groupId=weekly] Error while fetching metadata with correlation id 12 : {weekly=LEADER_NOT_AVAILABLE}
2023-10-31T11:19:58.650-03:00  WARN 45707 --- [ad | producer-1] org.apache.kafka.clients.NetworkClient   : [Producer clientId=producer-1] Error while fetching metadata with correlation id 9 : {weekly=LEADER_NOT_AVAILABLE}
2023-10-31T11:19:58.768-03:00  INFO 45707 --- [   weekly-0-C-1] org.apache.kafka.clients.Metadata        : [Consumer clientId=consumer-weekly-3, groupId=weekly] Resetting the last seen epoch of partition weekly-0 to 0 since the associated topicId changed from null to 5bH6SbkLSHi7d9xJ53GB9g
2023-10-31T11:19:58.791-03:00  INFO 45707 --- [ad | producer-1] org.apache.kafka.clients.Metadata        : [Producer clientId=producer-1] Resetting the last seen epoch of partition weekly-0 to 0 since the associated topicId changed from null to 5bH6SbkLSHi7d9xJ53GB9g
2023-10-31T11:19:58.880-03:00  INFO 45707 --- [   weekly-0-C-1] o.a.k.c.c.internals.ConsumerCoordinator  : [Consumer clientId=consumer-weekly-3, groupId=weekly] Discovered group coordinator localhost:49170 (id: 2147483646 rack: null)
2023-10-31T11:19:58.881-03:00  INFO 45707 --- [   weekly-0-C-1] o.a.k.c.c.internals.ConsumerCoordinator  : [Consumer clientId=consumer-weekly-3, groupId=weekly] (Re-)joining group
2023-10-31T11:19:58.940-03:00  INFO 45707 --- [   weekly-0-C-1] o.a.k.c.c.internals.ConsumerCoordinator  : [Consumer clientId=consumer-weekly-3, groupId=weekly] Request joining group due to: need to re-join with the given member-id: consumer-weekly-3-7c379bdf-5c18-4422-9fa1-b31005116545
2023-10-31T11:19:58.941-03:00  INFO 45707 --- [   weekly-0-C-1] o.a.k.c.c.internals.ConsumerCoordinator  : [Consumer clientId=consumer-weekly-3, groupId=weekly] Request joining group due to: rebalance failed due to 'The group member needs to have a valid member id before actually entering a consumer group.' (MemberIdRequiredException)
2023-10-31T11:19:58.941-03:00  INFO 45707 --- [   weekly-0-C-1] o.a.k.c.c.internals.ConsumerCoordinator  : [Consumer clientId=consumer-weekly-3, groupId=weekly] (Re-)joining group
2023-10-31T11:19:58.944-03:00  INFO 45707 --- [   weekly-0-C-1] org.apache.kafka.clients.NetworkClient   : [Consumer clientId=consumer-weekly-1, groupId=weekly] Node -1 disconnected.
2023-10-31T11:19:58.944-03:00  WARN 45707 --- [   weekly-0-C-1] org.apache.kafka.clients.NetworkClient   : [Consumer clientId=consumer-weekly-1, groupId=weekly] Connection to node -1 (localhost/127.0.0.1:9092) could not be established. Broker may not be available.
2023-10-31T11:19:58.944-03:00  WARN 45707 --- [   weekly-0-C-1] org.apache.kafka.clients.NetworkClient   : [Consumer clientId=consumer-weekly-1, groupId=weekly] Bootstrap broker localhost:9092 (id: -1 rack: null) disconnected
2023-10-31T11:19:58.998-03:00  INFO 45707 --- [   weekly-0-C-1] o.a.k.c.c.internals.ConsumerCoordinator  : [Consumer clientId=consumer-weekly-3, groupId=weekly] Successfully joined group with generation Generation{generationId=1, memberId='consumer-weekly-3-7c379bdf-5c18-4422-9fa1-b31005116545', protocol='range'}
2023-10-31T11:19:59.002-03:00  INFO 45707 --- [   weekly-0-C-1] o.a.k.c.c.internals.ConsumerCoordinator  : [Consumer clientId=consumer-weekly-3, groupId=weekly] Finished assignment for group at generation 1: {consumer-weekly-3-7c379bdf-5c18-4422-9fa1-b31005116545=Assignment(partitions=[weekly-0])}
2023-10-31T11:19:59.038-03:00  INFO 45707 --- [   weekly-0-C-1] o.a.k.c.c.internals.ConsumerCoordinator  : [Consumer clientId=consumer-weekly-3, groupId=weekly] Successfully synced group in generation Generation{generationId=1, memberId='consumer-weekly-3-7c379bdf-5c18-4422-9fa1-b31005116545', protocol='range'}
2023-10-31T11:19:59.039-03:00  INFO 45707 --- [   weekly-0-C-1] o.a.k.c.c.internals.ConsumerCoordinator  : [Consumer clientId=consumer-weekly-3, groupId=weekly] Notifying assignor about the new Assignment(partitions=[weekly-0])
2023-10-31T11:19:59.042-03:00  INFO 45707 --- [   weekly-0-C-1] o.a.k.c.c.internals.ConsumerCoordinator  : [Consumer clientId=consumer-weekly-3, groupId=weekly] Adding newly assigned partitions: weekly-0
2023-10-31T11:19:59.062-03:00  INFO 45707 --- [   weekly-0-C-1] o.a.k.c.c.internals.ConsumerCoordinator  : [Consumer clientId=consumer-weekly-3, groupId=weekly] Found no committed offset for partition weekly-0
2023-10-31T11:19:59.086-03:00  INFO 45707 --- [ecutorLoop-4-16] i.l.core.protocol.ConnectionWatchdog     : Reconnecting, last destination was localhost/<unresolved>:49169
2023-10-31T11:19:59.090-03:00  INFO 45707 --- [   weekly-0-C-1] o.a.k.c.c.internals.SubscriptionState    : [Consumer clientId=consumer-weekly-3, groupId=weekly] Resetting offset for partition weekly-0 to position FetchPosition{offset=0, offsetEpoch=Optional.empty, currentLeader=LeaderAndEpoch{leader=Optional[localhost:49170 (id: 1 rack: null)], epoch=0}}.
2023-10-31T11:19:59.090-03:00  INFO 45707 --- [   weekly-0-C-1] o.s.k.l.KafkaMessageListenerContainer    : weekly: partitions assigned: [weekly-0]
2023-10-31T11:19:59.101-03:00  WARN 45707 --- [oEventLoop-6-15] i.l.core.protocol.ConnectionWatchdog     : Cannot reconnect to [localhost/<unresolved>:49169]: Connection refused: localhost/127.0.0.1:49169
2023-10-31T11:19:59.175-03:00  INFO 45707 --- [           main] c.p.w.kafka.KafkaConsumer                : stoping consumer: weekly
2023-10-31T11:19:59.214-03:00  INFO 45707 --- [   weekly-0-C-1] o.a.k.c.c.internals.ConsumerCoordinator  : [Consumer clientId=consumer-weekly-3, groupId=weekly] Revoke previously assigned partitions weekly-0
2023-10-31T11:19:59.214-03:00  INFO 45707 --- [   weekly-0-C-1] o.s.k.l.KafkaMessageListenerContainer    : weekly: partitions revoked: [weekly-0]
2023-10-31T11:19:59.215-03:00  INFO 45707 --- [   weekly-0-C-1] o.a.k.c.c.internals.ConsumerCoordinator  : [Consumer clientId=consumer-weekly-3, groupId=weekly] Member consumer-weekly-3-7c379bdf-5c18-4422-9fa1-b31005116545 sending LeaveGroup request to coordinator localhost:49170 (id: 2147483646 rack: null) due to the consumer unsubscribed from all topics
2023-10-31T11:19:59.216-03:00  INFO 45707 --- [   weekly-0-C-1] o.a.k.c.c.internals.ConsumerCoordinator  : [Consumer clientId=consumer-weekly-3, groupId=weekly] Resetting generation and member id due to: consumer pro-actively leaving the group
2023-10-31T11:19:59.216-03:00  INFO 45707 --- [   weekly-0-C-1] o.a.k.c.c.internals.ConsumerCoordinator  : [Consumer clientId=consumer-weekly-3, groupId=weekly] Request joining group due to: consumer pro-actively leaving the group
2023-10-31T11:19:59.216-03:00  INFO 45707 --- [   weekly-0-C-1] o.a.k.clients.consumer.KafkaConsumer     : [Consumer clientId=consumer-weekly-3, groupId=weekly] Unsubscribed all topics or patterns and assigned partitions
2023-10-31T11:19:59.216-03:00  INFO 45707 --- [   weekly-0-C-1] o.a.k.c.c.internals.ConsumerCoordinator  : [Consumer clientId=consumer-weekly-3, groupId=weekly] Resetting generation and member id due to: consumer pro-actively leaving the group
2023-10-31T11:19:59.216-03:00  INFO 45707 --- [   weekly-0-C-1] o.a.k.c.c.internals.ConsumerCoordinator  : [Consumer clientId=consumer-weekly-3, groupId=weekly] Request joining group due to: consumer pro-actively leaving the group
2023-10-31T11:19:59.248-03:00  INFO 45707 --- [   weekly-0-C-1] o.apache.kafka.common.metrics.Metrics    : Metrics scheduler closed
2023-10-31T11:19:59.248-03:00  INFO 45707 --- [   weekly-0-C-1] o.apache.kafka.common.metrics.Metrics    : Closing reporter org.apache.kafka.common.metrics.JmxReporter
2023-10-31T11:19:59.248-03:00  INFO 45707 --- [   weekly-0-C-1] o.apache.kafka.common.metrics.Metrics    : Metrics reporters closed
2023-10-31T11:19:59.251-03:00  INFO 45707 --- [   weekly-0-C-1] o.a.kafka.common.utils.AppInfoParser     : App info kafka.consumer for consumer-weekly-3 unregistered
2023-10-31T11:19:59.251-03:00  INFO 45707 --- [   weekly-0-C-1] o.s.k.l.KafkaMessageListenerContainer    : weekly: Consumer stopped
]]></system-out>
  </testcase>
</testsuite>